2018-10-18 18:36:39 INFO  SLF_test:13 - ======================LOGGER WORKSSSSSSSSSSSSSSSSSSSSSSSSSSSS===========================
2018-10-20 11:29:01 INFO  Launch:93 - Not rerun!
2018-10-20 11:30:07 ERROR Launch:51 - [44] ReportPortal execution error
com.epam.reportportal.exception.ReportPortalException: Report Portal returned error
Status code: 406
Status message: Not Acceptable
Error Message: Finish time 'Thu Jan 01 00:00:00 UTC 1970' is earlier than start time 'Sat Oct 20 08:30:06 UTC 2018' for resource with ID '5bcae78ebfe523000140cc79'
Error Type: FINISH_TIME_EARLIER_THAN_START_TIME

	at com.epam.reportportal.service.ReportPortalErrorHandler.handleError(ReportPortalErrorHandler.java:83)
	at com.epam.reportportal.service.ReportPortalErrorHandler.handle(ReportPortalErrorHandler.java:59)
	at com.epam.reportportal.restendpoint.http.HttpClientRestEndpoint$1.subscribe(HttpClientRestEndpoint.java:517)
	at io.reactivex.internal.operators.maybe.MaybeCreate.subscribeActual(MaybeCreate.java:45)
	at io.reactivex.Maybe.subscribe(Maybe.java:3727)
	at io.reactivex.internal.operators.maybe.MaybeCache.subscribeActual(MaybeCache.java:77)
	at io.reactivex.Maybe.subscribe(Maybe.java:3727)
	at io.reactivex.internal.operators.maybe.MaybeSubscribeOn$SubscribeTask.run(MaybeSubscribeOn.java:54)
	at io.reactivex.internal.schedulers.ScheduledDirectTask.call(ScheduledDirectTask.java:38)
	at io.reactivex.internal.schedulers.ScheduledDirectTask.call(ScheduledDirectTask.java:26)
	at java.util.concurrent.FutureTask.run(FutureTask.java:266)
	at java.util.concurrent.ThreadPoolExecutor.runWorker(ThreadPoolExecutor.java:1149)
	at java.util.concurrent.ThreadPoolExecutor$Worker.run(ThreadPoolExecutor.java:624)
	at java.lang.Thread.run(Thread.java:748)
2018-10-20 11:30:07 ERROR Launch:51 - [64] ReportPortal execution error
com.epam.reportportal.exception.ReportPortalException: Report Portal returned error
Status code: 406
Status message: Not Acceptable
Error Message: Finish time 'Thu Jan 01 00:00:00 UTC 1970' is earlier than start time 'Sat Oct 20 08:30:06 UTC 2018' for resource with ID '5bcae78fbfe523000140cc8a'
Error Type: FINISH_TIME_EARLIER_THAN_START_TIME

	at com.epam.reportportal.service.ReportPortalErrorHandler.handleError(ReportPortalErrorHandler.java:83)
	at com.epam.reportportal.service.ReportPortalErrorHandler.handle(ReportPortalErrorHandler.java:59)
	at com.epam.reportportal.restendpoint.http.HttpClientRestEndpoint$1.subscribe(HttpClientRestEndpoint.java:517)
	at io.reactivex.internal.operators.maybe.MaybeCreate.subscribeActual(MaybeCreate.java:45)
	at io.reactivex.Maybe.subscribe(Maybe.java:3727)
	at io.reactivex.internal.operators.maybe.MaybeCache.subscribeActual(MaybeCache.java:77)
	at io.reactivex.Maybe.subscribe(Maybe.java:3727)
	at io.reactivex.internal.operators.maybe.MaybeSubscribeOn$SubscribeTask.run(MaybeSubscribeOn.java:54)
	at io.reactivex.internal.schedulers.ScheduledDirectTask.call(ScheduledDirectTask.java:38)
	at io.reactivex.internal.schedulers.ScheduledDirectTask.call(ScheduledDirectTask.java:26)
	at java.util.concurrent.FutureTask.run(FutureTask.java:266)
	at java.util.concurrent.ThreadPoolExecutor.runWorker(ThreadPoolExecutor.java:1149)
	at java.util.concurrent.ThreadPoolExecutor$Worker.run(ThreadPoolExecutor.java:624)
	at java.lang.Thread.run(Thread.java:748)
2018-10-20 11:30:07 ERROR SubscriptionUtils:96 - [64] ReportPortal Finish test item execution error
com.epam.reportportal.exception.ReportPortalException: Report Portal returned error
Status code: 406
Status message: Not Acceptable
Error Message: Finish time 'Thu Jan 01 00:00:00 UTC 1970' is earlier than start time 'Sat Oct 20 08:30:06 UTC 2018' for resource with ID '5bcae78fbfe523000140cc8a'
Error Type: FINISH_TIME_EARLIER_THAN_START_TIME

	at com.epam.reportportal.service.ReportPortalErrorHandler.handleError(ReportPortalErrorHandler.java:83)
	at com.epam.reportportal.service.ReportPortalErrorHandler.handle(ReportPortalErrorHandler.java:59)
	at com.epam.reportportal.restendpoint.http.HttpClientRestEndpoint$1.subscribe(HttpClientRestEndpoint.java:517)
	at io.reactivex.internal.operators.maybe.MaybeCreate.subscribeActual(MaybeCreate.java:45)
	at io.reactivex.Maybe.subscribe(Maybe.java:3727)
	at io.reactivex.internal.operators.maybe.MaybeCache.subscribeActual(MaybeCache.java:77)
	at io.reactivex.Maybe.subscribe(Maybe.java:3727)
	at io.reactivex.internal.operators.maybe.MaybeSubscribeOn$SubscribeTask.run(MaybeSubscribeOn.java:54)
	at io.reactivex.internal.schedulers.ScheduledDirectTask.call(ScheduledDirectTask.java:38)
	at io.reactivex.internal.schedulers.ScheduledDirectTask.call(ScheduledDirectTask.java:26)
	at java.util.concurrent.FutureTask.run(FutureTask.java:266)
	at java.util.concurrent.ThreadPoolExecutor.runWorker(ThreadPoolExecutor.java:1149)
	at java.util.concurrent.ThreadPoolExecutor$Worker.run(ThreadPoolExecutor.java:624)
	at java.lang.Thread.run(Thread.java:748)
2018-10-20 11:30:07 ERROR Launch:51 - [57] ReportPortal execution error
com.epam.reportportal.exception.ReportPortalException: Report Portal returned error
Status code: 406
Status message: Not Acceptable
Error Message: Finish time 'Thu Jan 01 00:00:00 UTC 1970' is earlier than start time 'Sat Oct 20 08:30:06 UTC 2018' for resource with ID '5bcae78ebfe523000140cc83'
Error Type: FINISH_TIME_EARLIER_THAN_START_TIME

	at com.epam.reportportal.service.ReportPortalErrorHandler.handleError(ReportPortalErrorHandler.java:83)
	at com.epam.reportportal.service.ReportPortalErrorHandler.handle(ReportPortalErrorHandler.java:59)
	at com.epam.reportportal.restendpoint.http.HttpClientRestEndpoint$1.subscribe(HttpClientRestEndpoint.java:517)
	at io.reactivex.internal.operators.maybe.MaybeCreate.subscribeActual(MaybeCreate.java:45)
	at io.reactivex.Maybe.subscribe(Maybe.java:3727)
	at io.reactivex.internal.operators.maybe.MaybeCache.subscribeActual(MaybeCache.java:77)
	at io.reactivex.Maybe.subscribe(Maybe.java:3727)
	at io.reactivex.internal.operators.maybe.MaybeSubscribeOn$SubscribeTask.run(MaybeSubscribeOn.java:54)
	at io.reactivex.internal.schedulers.ScheduledDirectTask.call(ScheduledDirectTask.java:38)
	at io.reactivex.internal.schedulers.ScheduledDirectTask.call(ScheduledDirectTask.java:26)
	at java.util.concurrent.FutureTask.run(FutureTask.java:266)
	at java.util.concurrent.ThreadPoolExecutor.runWorker(ThreadPoolExecutor.java:1149)
	at java.util.concurrent.ThreadPoolExecutor$Worker.run(ThreadPoolExecutor.java:624)
	at java.lang.Thread.run(Thread.java:748)
2018-10-20 11:30:07 ERROR SubscriptionUtils:96 - [57] ReportPortal Finish test item execution error
com.epam.reportportal.exception.ReportPortalException: Report Portal returned error
Status code: 406
Status message: Not Acceptable
Error Message: Finish time 'Thu Jan 01 00:00:00 UTC 1970' is earlier than start time 'Sat Oct 20 08:30:06 UTC 2018' for resource with ID '5bcae78ebfe523000140cc83'
Error Type: FINISH_TIME_EARLIER_THAN_START_TIME

	at com.epam.reportportal.service.ReportPortalErrorHandler.handleError(ReportPortalErrorHandler.java:83)
	at com.epam.reportportal.service.ReportPortalErrorHandler.handle(ReportPortalErrorHandler.java:59)
	at com.epam.reportportal.restendpoint.http.HttpClientRestEndpoint$1.subscribe(HttpClientRestEndpoint.java:517)
	at io.reactivex.internal.operators.maybe.MaybeCreate.subscribeActual(MaybeCreate.java:45)
	at io.reactivex.Maybe.subscribe(Maybe.java:3727)
	at io.reactivex.internal.operators.maybe.MaybeCache.subscribeActual(MaybeCache.java:77)
	at io.reactivex.Maybe.subscribe(Maybe.java:3727)
	at io.reactivex.internal.operators.maybe.MaybeSubscribeOn$SubscribeTask.run(MaybeSubscribeOn.java:54)
	at io.reactivex.internal.schedulers.ScheduledDirectTask.call(ScheduledDirectTask.java:38)
	at io.reactivex.internal.schedulers.ScheduledDirectTask.call(ScheduledDirectTask.java:26)
	at java.util.concurrent.FutureTask.run(FutureTask.java:266)
	at java.util.concurrent.ThreadPoolExecutor.runWorker(ThreadPoolExecutor.java:1149)
	at java.util.concurrent.ThreadPoolExecutor$Worker.run(ThreadPoolExecutor.java:624)
	at java.lang.Thread.run(Thread.java:748)
2018-10-20 11:30:07 ERROR Launch:51 - [48] ReportPortal execution error
com.epam.reportportal.exception.ReportPortalException: Report Portal returned error
Status code: 406
Status message: Not Acceptable
Error Message: Finish time 'Thu Jan 01 00:00:00 UTC 1970' is earlier than start time 'Sat Oct 20 08:30:06 UTC 2018' for resource with ID '5bcae78ebfe523000140cc7d'
Error Type: FINISH_TIME_EARLIER_THAN_START_TIME

	at com.epam.reportportal.service.ReportPortalErrorHandler.handleError(ReportPortalErrorHandler.java:83)
	at com.epam.reportportal.service.ReportPortalErrorHandler.handle(ReportPortalErrorHandler.java:59)
	at com.epam.reportportal.restendpoint.http.HttpClientRestEndpoint$1.subscribe(HttpClientRestEndpoint.java:517)
	at io.reactivex.internal.operators.maybe.MaybeCreate.subscribeActual(MaybeCreate.java:45)
	at io.reactivex.Maybe.subscribe(Maybe.java:3727)
	at io.reactivex.internal.operators.maybe.MaybeCache.subscribeActual(MaybeCache.java:77)
	at io.reactivex.Maybe.subscribe(Maybe.java:3727)
	at io.reactivex.internal.operators.maybe.MaybeSubscribeOn$SubscribeTask.run(MaybeSubscribeOn.java:54)
	at io.reactivex.internal.schedulers.ScheduledDirectTask.call(ScheduledDirectTask.java:38)
	at io.reactivex.internal.schedulers.ScheduledDirectTask.call(ScheduledDirectTask.java:26)
	at java.util.concurrent.FutureTask.run(FutureTask.java:266)
	at java.util.concurrent.ThreadPoolExecutor.runWorker(ThreadPoolExecutor.java:1149)
	at java.util.concurrent.ThreadPoolExecutor$Worker.run(ThreadPoolExecutor.java:624)
	at java.lang.Thread.run(Thread.java:748)
2018-10-20 11:30:07 ERROR SubscriptionUtils:96 - [48] ReportPortal Finish test item execution error
com.epam.reportportal.exception.ReportPortalException: Report Portal returned error
Status code: 406
Status message: Not Acceptable
Error Message: Finish time 'Thu Jan 01 00:00:00 UTC 1970' is earlier than start time 'Sat Oct 20 08:30:06 UTC 2018' for resource with ID '5bcae78ebfe523000140cc7d'
Error Type: FINISH_TIME_EARLIER_THAN_START_TIME

	at com.epam.reportportal.service.ReportPortalErrorHandler.handleError(ReportPortalErrorHandler.java:83)
	at com.epam.reportportal.service.ReportPortalErrorHandler.handle(ReportPortalErrorHandler.java:59)
	at com.epam.reportportal.restendpoint.http.HttpClientRestEndpoint$1.subscribe(HttpClientRestEndpoint.java:517)
	at io.reactivex.internal.operators.maybe.MaybeCreate.subscribeActual(MaybeCreate.java:45)
	at io.reactivex.Maybe.subscribe(Maybe.java:3727)
	at io.reactivex.internal.operators.maybe.MaybeCache.subscribeActual(MaybeCache.java:77)
	at io.reactivex.Maybe.subscribe(Maybe.java:3727)
	at io.reactivex.internal.operators.maybe.MaybeSubscribeOn$SubscribeTask.run(MaybeSubscribeOn.java:54)
	at io.reactivex.internal.schedulers.ScheduledDirectTask.call(ScheduledDirectTask.java:38)
	at io.reactivex.internal.schedulers.ScheduledDirectTask.call(ScheduledDirectTask.java:26)
	at java.util.concurrent.FutureTask.run(FutureTask.java:266)
	at java.util.concurrent.ThreadPoolExecutor.runWorker(ThreadPoolExecutor.java:1149)
	at java.util.concurrent.ThreadPoolExecutor$Worker.run(ThreadPoolExecutor.java:624)
	at java.lang.Thread.run(Thread.java:748)
2018-10-20 11:30:07 ERROR Launch:51 - [49] ReportPortal execution error
com.epam.reportportal.exception.ReportPortalException: Report Portal returned error
Status code: 406
Status message: Not Acceptable
Error Message: Finish time 'Thu Jan 01 00:00:00 UTC 1970' is earlier than start time 'Sat Oct 20 08:30:06 UTC 2018' for resource with ID '5bcae78ebfe523000140cc7e'
Error Type: FINISH_TIME_EARLIER_THAN_START_TIME

	at com.epam.reportportal.service.ReportPortalErrorHandler.handleError(ReportPortalErrorHandler.java:83)
	at com.epam.reportportal.service.ReportPortalErrorHandler.handle(ReportPortalErrorHandler.java:59)
	at com.epam.reportportal.restendpoint.http.HttpClientRestEndpoint$1.subscribe(HttpClientRestEndpoint.java:517)
	at io.reactivex.internal.operators.maybe.MaybeCreate.subscribeActual(MaybeCreate.java:45)
	at io.reactivex.Maybe.subscribe(Maybe.java:3727)
	at io.reactivex.internal.operators.maybe.MaybeCache.subscribeActual(MaybeCache.java:77)
	at io.reactivex.Maybe.subscribe(Maybe.java:3727)
	at io.reactivex.internal.operators.maybe.MaybeSubscribeOn$SubscribeTask.run(MaybeSubscribeOn.java:54)
	at io.reactivex.internal.schedulers.ScheduledDirectTask.call(ScheduledDirectTask.java:38)
	at io.reactivex.internal.schedulers.ScheduledDirectTask.call(ScheduledDirectTask.java:26)
	at java.util.concurrent.FutureTask.run(FutureTask.java:266)
	at java.util.concurrent.ThreadPoolExecutor.runWorker(ThreadPoolExecutor.java:1149)
	at java.util.concurrent.ThreadPoolExecutor$Worker.run(ThreadPoolExecutor.java:624)
	at java.lang.Thread.run(Thread.java:748)
2018-10-20 11:30:07 ERROR SubscriptionUtils:96 - [49] ReportPortal Finish test item execution error
com.epam.reportportal.exception.ReportPortalException: Report Portal returned error
Status code: 406
Status message: Not Acceptable
Error Message: Finish time 'Thu Jan 01 00:00:00 UTC 1970' is earlier than start time 'Sat Oct 20 08:30:06 UTC 2018' for resource with ID '5bcae78ebfe523000140cc7e'
Error Type: FINISH_TIME_EARLIER_THAN_START_TIME

	at com.epam.reportportal.service.ReportPortalErrorHandler.handleError(ReportPortalErrorHandler.java:83)
	at com.epam.reportportal.service.ReportPortalErrorHandler.handle(ReportPortalErrorHandler.java:59)
	at com.epam.reportportal.restendpoint.http.HttpClientRestEndpoint$1.subscribe(HttpClientRestEndpoint.java:517)
	at io.reactivex.internal.operators.maybe.MaybeCreate.subscribeActual(MaybeCreate.java:45)
	at io.reactivex.Maybe.subscribe(Maybe.java:3727)
	at io.reactivex.internal.operators.maybe.MaybeCache.subscribeActual(MaybeCache.java:77)
	at io.reactivex.Maybe.subscribe(Maybe.java:3727)
	at io.reactivex.internal.operators.maybe.MaybeSubscribeOn$SubscribeTask.run(MaybeSubscribeOn.java:54)
	at io.reactivex.internal.schedulers.ScheduledDirectTask.call(ScheduledDirectTask.java:38)
	at io.reactivex.internal.schedulers.ScheduledDirectTask.call(ScheduledDirectTask.java:26)
	at java.util.concurrent.FutureTask.run(FutureTask.java:266)
	at java.util.concurrent.ThreadPoolExecutor.runWorker(ThreadPoolExecutor.java:1149)
	at java.util.concurrent.ThreadPoolExecutor$Worker.run(ThreadPoolExecutor.java:624)
	at java.lang.Thread.run(Thread.java:748)
2018-10-20 11:30:07 ERROR Launch:51 - [66] ReportPortal execution error
com.epam.reportportal.exception.ReportPortalException: Report Portal returned error
Status code: 406
Status message: Not Acceptable
Error Message: Finish time 'Thu Jan 01 00:00:00 UTC 1970' is earlier than start time 'Sat Oct 20 08:30:06 UTC 2018' for resource with ID '5bcae78fbfe523000140cc8b'
Error Type: FINISH_TIME_EARLIER_THAN_START_TIME

	at com.epam.reportportal.service.ReportPortalErrorHandler.handleError(ReportPortalErrorHandler.java:83)
	at com.epam.reportportal.service.ReportPortalErrorHandler.handle(ReportPortalErrorHandler.java:59)
	at com.epam.reportportal.restendpoint.http.HttpClientRestEndpoint$1.subscribe(HttpClientRestEndpoint.java:517)
	at io.reactivex.internal.operators.maybe.MaybeCreate.subscribeActual(MaybeCreate.java:45)
	at io.reactivex.Maybe.subscribe(Maybe.java:3727)
	at io.reactivex.internal.operators.maybe.MaybeCache.subscribeActual(MaybeCache.java:77)
	at io.reactivex.Maybe.subscribe(Maybe.java:3727)
	at io.reactivex.internal.operators.maybe.MaybeSubscribeOn$SubscribeTask.run(MaybeSubscribeOn.java:54)
	at io.reactivex.internal.schedulers.ScheduledDirectTask.call(ScheduledDirectTask.java:38)
	at io.reactivex.internal.schedulers.ScheduledDirectTask.call(ScheduledDirectTask.java:26)
	at java.util.concurrent.FutureTask.run(FutureTask.java:266)
	at java.util.concurrent.ThreadPoolExecutor.runWorker(ThreadPoolExecutor.java:1149)
	at java.util.concurrent.ThreadPoolExecutor$Worker.run(ThreadPoolExecutor.java:624)
	at java.lang.Thread.run(Thread.java:748)
2018-10-20 11:30:07 ERROR SubscriptionUtils:96 - [66] ReportPortal Finish test item execution error
com.epam.reportportal.exception.ReportPortalException: Report Portal returned error
Status code: 406
Status message: Not Acceptable
Error Message: Finish time 'Thu Jan 01 00:00:00 UTC 1970' is earlier than start time 'Sat Oct 20 08:30:06 UTC 2018' for resource with ID '5bcae78fbfe523000140cc8b'
Error Type: FINISH_TIME_EARLIER_THAN_START_TIME

	at com.epam.reportportal.service.ReportPortalErrorHandler.handleError(ReportPortalErrorHandler.java:83)
	at com.epam.reportportal.service.ReportPortalErrorHandler.handle(ReportPortalErrorHandler.java:59)
	at com.epam.reportportal.restendpoint.http.HttpClientRestEndpoint$1.subscribe(HttpClientRestEndpoint.java:517)
	at io.reactivex.internal.operators.maybe.MaybeCreate.subscribeActual(MaybeCreate.java:45)
	at io.reactivex.Maybe.subscribe(Maybe.java:3727)
	at io.reactivex.internal.operators.maybe.MaybeCache.subscribeActual(MaybeCache.java:77)
	at io.reactivex.Maybe.subscribe(Maybe.java:3727)
	at io.reactivex.internal.operators.maybe.MaybeSubscribeOn$SubscribeTask.run(MaybeSubscribeOn.java:54)
	at io.reactivex.internal.schedulers.ScheduledDirectTask.call(ScheduledDirectTask.java:38)
	at io.reactivex.internal.schedulers.ScheduledDirectTask.call(ScheduledDirectTask.java:26)
	at java.util.concurrent.FutureTask.run(FutureTask.java:266)
	at java.util.concurrent.ThreadPoolExecutor.runWorker(ThreadPoolExecutor.java:1149)
	at java.util.concurrent.ThreadPoolExecutor$Worker.run(ThreadPoolExecutor.java:624)
	at java.lang.Thread.run(Thread.java:748)
2018-10-20 11:30:07 ERROR SubscriptionUtils:96 - [44] ReportPortal Finish test item execution error
com.epam.reportportal.exception.ReportPortalException: Report Portal returned error
Status code: 406
Status message: Not Acceptable
Error Message: Finish time 'Thu Jan 01 00:00:00 UTC 1970' is earlier than start time 'Sat Oct 20 08:30:06 UTC 2018' for resource with ID '5bcae78ebfe523000140cc79'
Error Type: FINISH_TIME_EARLIER_THAN_START_TIME

	at com.epam.reportportal.service.ReportPortalErrorHandler.handleError(ReportPortalErrorHandler.java:83)
	at com.epam.reportportal.service.ReportPortalErrorHandler.handle(ReportPortalErrorHandler.java:59)
	at com.epam.reportportal.restendpoint.http.HttpClientRestEndpoint$1.subscribe(HttpClientRestEndpoint.java:517)
	at io.reactivex.internal.operators.maybe.MaybeCreate.subscribeActual(MaybeCreate.java:45)
	at io.reactivex.Maybe.subscribe(Maybe.java:3727)
	at io.reactivex.internal.operators.maybe.MaybeCache.subscribeActual(MaybeCache.java:77)
	at io.reactivex.Maybe.subscribe(Maybe.java:3727)
	at io.reactivex.internal.operators.maybe.MaybeSubscribeOn$SubscribeTask.run(MaybeSubscribeOn.java:54)
	at io.reactivex.internal.schedulers.ScheduledDirectTask.call(ScheduledDirectTask.java:38)
	at io.reactivex.internal.schedulers.ScheduledDirectTask.call(ScheduledDirectTask.java:26)
	at java.util.concurrent.FutureTask.run(FutureTask.java:266)
	at java.util.concurrent.ThreadPoolExecutor.runWorker(ThreadPoolExecutor.java:1149)
	at java.util.concurrent.ThreadPoolExecutor$Worker.run(ThreadPoolExecutor.java:624)
	at java.lang.Thread.run(Thread.java:748)
2018-10-20 11:30:07 ERROR Launch:51 - [18] ReportPortal execution error
com.epam.reportportal.exception.ReportPortalException: Report Portal returned error
Status code: 406
Status message: Not Acceptable
Error Message: Finish time 'Thu Jan 01 00:00:00 UTC 1970' is earlier than start time 'Sat Oct 20 08:30:07 UTC 2018' for resource with ID '5bcae78fbfe523000140ccba'
Error Type: FINISH_TIME_EARLIER_THAN_START_TIME

	at com.epam.reportportal.service.ReportPortalErrorHandler.handleError(ReportPortalErrorHandler.java:83)
	at com.epam.reportportal.service.ReportPortalErrorHandler.handle(ReportPortalErrorHandler.java:59)
	at com.epam.reportportal.restendpoint.http.HttpClientRestEndpoint$1.subscribe(HttpClientRestEndpoint.java:517)
	at io.reactivex.internal.operators.maybe.MaybeCreate.subscribeActual(MaybeCreate.java:45)
	at io.reactivex.Maybe.subscribe(Maybe.java:3727)
	at io.reactivex.internal.operators.maybe.MaybeCache.subscribeActual(MaybeCache.java:77)
	at io.reactivex.Maybe.subscribe(Maybe.java:3727)
	at io.reactivex.internal.operators.maybe.MaybeSubscribeOn$SubscribeTask.run(MaybeSubscribeOn.java:54)
	at io.reactivex.internal.schedulers.ScheduledDirectTask.call(ScheduledDirectTask.java:38)
	at io.reactivex.internal.schedulers.ScheduledDirectTask.call(ScheduledDirectTask.java:26)
	at java.util.concurrent.FutureTask.run(FutureTask.java:266)
	at java.util.concurrent.ThreadPoolExecutor.runWorker(ThreadPoolExecutor.java:1149)
	at java.util.concurrent.ThreadPoolExecutor$Worker.run(ThreadPoolExecutor.java:624)
	at java.lang.Thread.run(Thread.java:748)
2018-10-20 11:30:07 ERROR SubscriptionUtils:96 - [18] ReportPortal Finish test item execution error
com.epam.reportportal.exception.ReportPortalException: Report Portal returned error
Status code: 406
Status message: Not Acceptable
Error Message: Finish time 'Thu Jan 01 00:00:00 UTC 1970' is earlier than start time 'Sat Oct 20 08:30:07 UTC 2018' for resource with ID '5bcae78fbfe523000140ccba'
Error Type: FINISH_TIME_EARLIER_THAN_START_TIME

	at com.epam.reportportal.service.ReportPortalErrorHandler.handleError(ReportPortalErrorHandler.java:83)
	at com.epam.reportportal.service.ReportPortalErrorHandler.handle(ReportPortalErrorHandler.java:59)
	at com.epam.reportportal.restendpoint.http.HttpClientRestEndpoint$1.subscribe(HttpClientRestEndpoint.java:517)
	at io.reactivex.internal.operators.maybe.MaybeCreate.subscribeActual(MaybeCreate.java:45)
	at io.reactivex.Maybe.subscribe(Maybe.java:3727)
	at io.reactivex.internal.operators.maybe.MaybeCache.subscribeActual(MaybeCache.java:77)
	at io.reactivex.Maybe.subscribe(Maybe.java:3727)
	at io.reactivex.internal.operators.maybe.MaybeSubscribeOn$SubscribeTask.run(MaybeSubscribeOn.java:54)
	at io.reactivex.internal.schedulers.ScheduledDirectTask.call(ScheduledDirectTask.java:38)
	at io.reactivex.internal.schedulers.ScheduledDirectTask.call(ScheduledDirectTask.java:26)
	at java.util.concurrent.FutureTask.run(FutureTask.java:266)
	at java.util.concurrent.ThreadPoolExecutor.runWorker(ThreadPoolExecutor.java:1149)
	at java.util.concurrent.ThreadPoolExecutor$Worker.run(ThreadPoolExecutor.java:624)
	at java.lang.Thread.run(Thread.java:748)
2018-10-20 11:30:07 ERROR Launch:51 - [21] ReportPortal execution error
com.epam.reportportal.exception.ReportPortalException: Report Portal returned error
Status code: 406
Status message: Not Acceptable
Error Message: Finish time 'Thu Jan 01 00:00:00 UTC 1970' is earlier than start time 'Sat Oct 20 08:30:07 UTC 2018' for resource with ID '5bcae78fbfe523000140ccbb'
Error Type: FINISH_TIME_EARLIER_THAN_START_TIME

	at com.epam.reportportal.service.ReportPortalErrorHandler.handleError(ReportPortalErrorHandler.java:83)
	at com.epam.reportportal.service.ReportPortalErrorHandler.handle(ReportPortalErrorHandler.java:59)
	at com.epam.reportportal.restendpoint.http.HttpClientRestEndpoint$1.subscribe(HttpClientRestEndpoint.java:517)
	at io.reactivex.internal.operators.maybe.MaybeCreate.subscribeActual(MaybeCreate.java:45)
	at io.reactivex.Maybe.subscribe(Maybe.java:3727)
	at io.reactivex.internal.operators.maybe.MaybeCache.subscribeActual(MaybeCache.java:77)
	at io.reactivex.Maybe.subscribe(Maybe.java:3727)
	at io.reactivex.internal.operators.maybe.MaybeSubscribeOn$SubscribeTask.run(MaybeSubscribeOn.java:54)
	at io.reactivex.internal.schedulers.ScheduledDirectTask.call(ScheduledDirectTask.java:38)
	at io.reactivex.internal.schedulers.ScheduledDirectTask.call(ScheduledDirectTask.java:26)
	at java.util.concurrent.FutureTask.run(FutureTask.java:266)
	at java.util.concurrent.ThreadPoolExecutor.runWorker(ThreadPoolExecutor.java:1149)
	at java.util.concurrent.ThreadPoolExecutor$Worker.run(ThreadPoolExecutor.java:624)
	at java.lang.Thread.run(Thread.java:748)
2018-10-20 11:30:07 ERROR SubscriptionUtils:96 - [21] ReportPortal Finish test item execution error
com.epam.reportportal.exception.ReportPortalException: Report Portal returned error
Status code: 406
Status message: Not Acceptable
Error Message: Finish time 'Thu Jan 01 00:00:00 UTC 1970' is earlier than start time 'Sat Oct 20 08:30:07 UTC 2018' for resource with ID '5bcae78fbfe523000140ccbb'
Error Type: FINISH_TIME_EARLIER_THAN_START_TIME

	at com.epam.reportportal.service.ReportPortalErrorHandler.handleError(ReportPortalErrorHandler.java:83)
	at com.epam.reportportal.service.ReportPortalErrorHandler.handle(ReportPortalErrorHandler.java:59)
	at com.epam.reportportal.restendpoint.http.HttpClientRestEndpoint$1.subscribe(HttpClientRestEndpoint.java:517)
	at io.reactivex.internal.operators.maybe.MaybeCreate.subscribeActual(MaybeCreate.java:45)
	at io.reactivex.Maybe.subscribe(Maybe.java:3727)
	at io.reactivex.internal.operators.maybe.MaybeCache.subscribeActual(MaybeCache.java:77)
	at io.reactivex.Maybe.subscribe(Maybe.java:3727)
	at io.reactivex.internal.operators.maybe.MaybeSubscribeOn$SubscribeTask.run(MaybeSubscribeOn.java:54)
	at io.reactivex.internal.schedulers.ScheduledDirectTask.call(ScheduledDirectTask.java:38)
	at io.reactivex.internal.schedulers.ScheduledDirectTask.call(ScheduledDirectTask.java:26)
	at java.util.concurrent.FutureTask.run(FutureTask.java:266)
	at java.util.concurrent.ThreadPoolExecutor.runWorker(ThreadPoolExecutor.java:1149)
	at java.util.concurrent.ThreadPoolExecutor$Worker.run(ThreadPoolExecutor.java:624)
	at java.lang.Thread.run(Thread.java:748)
2018-10-20 11:30:08 ERROR Launch:51 - [39] ReportPortal execution error
com.epam.reportportal.exception.ReportPortalException: Report Portal returned error
Status code: 406
Status message: Not Acceptable
Error Message: Finish time 'Thu Jan 01 00:00:00 UTC 1970' is earlier than start time 'Sat Oct 20 08:30:08 UTC 2018' for resource with ID '5bcae790bfe523000140ccc1'
Error Type: FINISH_TIME_EARLIER_THAN_START_TIME

	at com.epam.reportportal.service.ReportPortalErrorHandler.handleError(ReportPortalErrorHandler.java:83)
	at com.epam.reportportal.service.ReportPortalErrorHandler.handle(ReportPortalErrorHandler.java:59)
	at com.epam.reportportal.restendpoint.http.HttpClientRestEndpoint$1.subscribe(HttpClientRestEndpoint.java:517)
	at io.reactivex.internal.operators.maybe.MaybeCreate.subscribeActual(MaybeCreate.java:45)
	at io.reactivex.Maybe.subscribe(Maybe.java:3727)
	at io.reactivex.internal.operators.maybe.MaybeCache.subscribeActual(MaybeCache.java:77)
	at io.reactivex.Maybe.subscribe(Maybe.java:3727)
	at io.reactivex.internal.operators.maybe.MaybeSubscribeOn$SubscribeTask.run(MaybeSubscribeOn.java:54)
	at io.reactivex.internal.schedulers.ScheduledDirectTask.call(ScheduledDirectTask.java:38)
	at io.reactivex.internal.schedulers.ScheduledDirectTask.call(ScheduledDirectTask.java:26)
	at java.util.concurrent.FutureTask.run(FutureTask.java:266)
	at java.util.concurrent.ThreadPoolExecutor.runWorker(ThreadPoolExecutor.java:1149)
	at java.util.concurrent.ThreadPoolExecutor$Worker.run(ThreadPoolExecutor.java:624)
	at java.lang.Thread.run(Thread.java:748)
2018-10-20 11:30:08 ERROR SubscriptionUtils:96 - [39] ReportPortal Finish test item execution error
com.epam.reportportal.exception.ReportPortalException: Report Portal returned error
Status code: 406
Status message: Not Acceptable
Error Message: Finish time 'Thu Jan 01 00:00:00 UTC 1970' is earlier than start time 'Sat Oct 20 08:30:08 UTC 2018' for resource with ID '5bcae790bfe523000140ccc1'
Error Type: FINISH_TIME_EARLIER_THAN_START_TIME

	at com.epam.reportportal.service.ReportPortalErrorHandler.handleError(ReportPortalErrorHandler.java:83)
	at com.epam.reportportal.service.ReportPortalErrorHandler.handle(ReportPortalErrorHandler.java:59)
	at com.epam.reportportal.restendpoint.http.HttpClientRestEndpoint$1.subscribe(HttpClientRestEndpoint.java:517)
	at io.reactivex.internal.operators.maybe.MaybeCreate.subscribeActual(MaybeCreate.java:45)
	at io.reactivex.Maybe.subscribe(Maybe.java:3727)
	at io.reactivex.internal.operators.maybe.MaybeCache.subscribeActual(MaybeCache.java:77)
	at io.reactivex.Maybe.subscribe(Maybe.java:3727)
	at io.reactivex.internal.operators.maybe.MaybeSubscribeOn$SubscribeTask.run(MaybeSubscribeOn.java:54)
	at io.reactivex.internal.schedulers.ScheduledDirectTask.call(ScheduledDirectTask.java:38)
	at io.reactivex.internal.schedulers.ScheduledDirectTask.call(ScheduledDirectTask.java:26)
	at java.util.concurrent.FutureTask.run(FutureTask.java:266)
	at java.util.concurrent.ThreadPoolExecutor.runWorker(ThreadPoolExecutor.java:1149)
	at java.util.concurrent.ThreadPoolExecutor$Worker.run(ThreadPoolExecutor.java:624)
	at java.lang.Thread.run(Thread.java:748)
2018-10-20 11:30:08 ERROR Launch:51 - [43] ReportPortal execution error
com.epam.reportportal.exception.ReportPortalException: Report Portal returned error
Status code: 406
Status message: Not Acceptable
Error Message: Finish time 'Thu Jan 01 00:00:00 UTC 1970' is earlier than start time 'Sat Oct 20 08:30:08 UTC 2018' for resource with ID '5bcae790bfe523000140ccc3'
Error Type: FINISH_TIME_EARLIER_THAN_START_TIME

	at com.epam.reportportal.service.ReportPortalErrorHandler.handleError(ReportPortalErrorHandler.java:83)
	at com.epam.reportportal.service.ReportPortalErrorHandler.handle(ReportPortalErrorHandler.java:59)
	at com.epam.reportportal.restendpoint.http.HttpClientRestEndpoint$1.subscribe(HttpClientRestEndpoint.java:517)
	at io.reactivex.internal.operators.maybe.MaybeCreate.subscribeActual(MaybeCreate.java:45)
	at io.reactivex.Maybe.subscribe(Maybe.java:3727)
	at io.reactivex.internal.operators.maybe.MaybeCache.subscribeActual(MaybeCache.java:77)
	at io.reactivex.Maybe.subscribe(Maybe.java:3727)
	at io.reactivex.internal.operators.maybe.MaybeSubscribeOn$SubscribeTask.run(MaybeSubscribeOn.java:54)
	at io.reactivex.internal.schedulers.ScheduledDirectTask.call(ScheduledDirectTask.java:38)
	at io.reactivex.internal.schedulers.ScheduledDirectTask.call(ScheduledDirectTask.java:26)
	at java.util.concurrent.FutureTask.run(FutureTask.java:266)
	at java.util.concurrent.ThreadPoolExecutor.runWorker(ThreadPoolExecutor.java:1149)
	at java.util.concurrent.ThreadPoolExecutor$Worker.run(ThreadPoolExecutor.java:624)
	at java.lang.Thread.run(Thread.java:748)
2018-10-20 11:30:08 ERROR SubscriptionUtils:96 - [43] ReportPortal Finish test item execution error
com.epam.reportportal.exception.ReportPortalException: Report Portal returned error
Status code: 406
Status message: Not Acceptable
Error Message: Finish time 'Thu Jan 01 00:00:00 UTC 1970' is earlier than start time 'Sat Oct 20 08:30:08 UTC 2018' for resource with ID '5bcae790bfe523000140ccc3'
Error Type: FINISH_TIME_EARLIER_THAN_START_TIME

	at com.epam.reportportal.service.ReportPortalErrorHandler.handleError(ReportPortalErrorHandler.java:83)
	at com.epam.reportportal.service.ReportPortalErrorHandler.handle(ReportPortalErrorHandler.java:59)
	at com.epam.reportportal.restendpoint.http.HttpClientRestEndpoint$1.subscribe(HttpClientRestEndpoint.java:517)
	at io.reactivex.internal.operators.maybe.MaybeCreate.subscribeActual(MaybeCreate.java:45)
	at io.reactivex.Maybe.subscribe(Maybe.java:3727)
	at io.reactivex.internal.operators.maybe.MaybeCache.subscribeActual(MaybeCache.java:77)
	at io.reactivex.Maybe.subscribe(Maybe.java:3727)
	at io.reactivex.internal.operators.maybe.MaybeSubscribeOn$SubscribeTask.run(MaybeSubscribeOn.java:54)
	at io.reactivex.internal.schedulers.ScheduledDirectTask.call(ScheduledDirectTask.java:38)
	at io.reactivex.internal.schedulers.ScheduledDirectTask.call(ScheduledDirectTask.java:26)
	at java.util.concurrent.FutureTask.run(FutureTask.java:266)
	at java.util.concurrent.ThreadPoolExecutor.runWorker(ThreadPoolExecutor.java:1149)
	at java.util.concurrent.ThreadPoolExecutor$Worker.run(ThreadPoolExecutor.java:624)
	at java.lang.Thread.run(Thread.java:748)
2018-10-20 11:30:08 ERROR SubscriptionUtils:96 - [29] ReportPortal Finish test item execution error
com.epam.reportportal.exception.ReportPortalException: Report Portal returned error
Status code: 406
Status message: Not Acceptable
Error Message: Finish time 'Thu Jan 01 00:00:00 UTC 1970' is earlier than start time 'Sat Oct 20 08:30:06 UTC 2018' for resource with ID '5bcae78ebfe523000140cc79'
Error Type: FINISH_TIME_EARLIER_THAN_START_TIME

	at com.epam.reportportal.service.ReportPortalErrorHandler.handleError(ReportPortalErrorHandler.java:83)
	at com.epam.reportportal.service.ReportPortalErrorHandler.handle(ReportPortalErrorHandler.java:59)
	at com.epam.reportportal.restendpoint.http.HttpClientRestEndpoint$1.subscribe(HttpClientRestEndpoint.java:517)
	at io.reactivex.internal.operators.maybe.MaybeCreate.subscribeActual(MaybeCreate.java:45)
	at io.reactivex.Maybe.subscribe(Maybe.java:3727)
	at io.reactivex.internal.operators.maybe.MaybeCache.subscribeActual(MaybeCache.java:77)
	at io.reactivex.Maybe.subscribe(Maybe.java:3727)
	at io.reactivex.internal.operators.maybe.MaybeSubscribeOn$SubscribeTask.run(MaybeSubscribeOn.java:54)
	at io.reactivex.internal.schedulers.ScheduledDirectTask.call(ScheduledDirectTask.java:38)
	at io.reactivex.internal.schedulers.ScheduledDirectTask.call(ScheduledDirectTask.java:26)
	at java.util.concurrent.FutureTask.run(FutureTask.java:266)
	at java.util.concurrent.ThreadPoolExecutor.runWorker(ThreadPoolExecutor.java:1149)
	at java.util.concurrent.ThreadPoolExecutor$Worker.run(ThreadPoolExecutor.java:624)
	at java.lang.Thread.run(Thread.java:748)
2018-10-20 11:30:09 ERROR SubscriptionUtils:96 - [29] ReportPortal Finish test item execution error
com.epam.reportportal.exception.ReportPortalException: Report Portal returned error
Status code: 406
Status message: Not Acceptable
Error Message: Finish time 'Thu Jan 01 00:00:00 UTC 1970' is earlier than start time 'Sat Oct 20 08:30:06 UTC 2018' for resource with ID '5bcae78ebfe523000140cc79'
Error Type: FINISH_TIME_EARLIER_THAN_START_TIME

	at com.epam.reportportal.service.ReportPortalErrorHandler.handleError(ReportPortalErrorHandler.java:83)
	at com.epam.reportportal.service.ReportPortalErrorHandler.handle(ReportPortalErrorHandler.java:59)
	at com.epam.reportportal.restendpoint.http.HttpClientRestEndpoint$1.subscribe(HttpClientRestEndpoint.java:517)
	at io.reactivex.internal.operators.maybe.MaybeCreate.subscribeActual(MaybeCreate.java:45)
	at io.reactivex.Maybe.subscribe(Maybe.java:3727)
	at io.reactivex.internal.operators.maybe.MaybeCache.subscribeActual(MaybeCache.java:77)
	at io.reactivex.Maybe.subscribe(Maybe.java:3727)
	at io.reactivex.internal.operators.maybe.MaybeSubscribeOn$SubscribeTask.run(MaybeSubscribeOn.java:54)
	at io.reactivex.internal.schedulers.ScheduledDirectTask.call(ScheduledDirectTask.java:38)
	at io.reactivex.internal.schedulers.ScheduledDirectTask.call(ScheduledDirectTask.java:26)
	at java.util.concurrent.FutureTask.run(FutureTask.java:266)
	at java.util.concurrent.ThreadPoolExecutor.runWorker(ThreadPoolExecutor.java:1149)
	at java.util.concurrent.ThreadPoolExecutor$Worker.run(ThreadPoolExecutor.java:624)
	at java.lang.Thread.run(Thread.java:748)
